<?xml version="1.0" encoding="UTF-8"?>
<!-- Generated by org.testng.reporters.JUnitReportReporter -->
<testsuite name="testng.demo.SequencingEx3" tests="6" time="0.024" ignored="0" failures="0" timestamp="30 Jan 2022 14:14:57 GMT" skipped="0" hostname="DESKTOP-UJFK23I" errors="0">
  <testcase name="Alaska" time="0.001" classname="testng.demo.SequencingEx3"/>
  <testcase name="Hyderabad" time="0.016" classname="testng.demo.SequencingEx3"/>
  <testcase name="Delhi" time="0.002" classname="testng.demo.SequencingEx3"/>
  <testcase name="Pune" time="0.001" classname="testng.demo.SequencingEx3"/>
  <testcase name="Chennai" time="0.002" classname="testng.demo.SequencingEx3"/>
  <testcase name="Banglore" time="0.002" classname="testng.demo.SequencingEx3"/>
</testsuite> <!-- testng.demo.SequencingEx3 -->
