<?xml version="1.0" encoding="UTF-8"?>
<!-- Generated by org.testng.reporters.JUnitReportReporter -->
<testsuite name="testng.demo.Test1" tests="2" time="17.988" ignored="0" failures="0" timestamp="27 Oct 2021 04:55:55 GMT" skipped="0" hostname="DESKTOP-UJFK23I" errors="0">
  <testcase name="verifyHeaderImage" time="6.675" classname="testng.demo.Test1"/>
  <testcase name="verifyLogin" time="11.313" classname="testng.demo.Test1"/>
</testsuite> <!-- testng.demo.Test1 -->
