<?xml version="1.0" encoding="UTF-8"?>
<!-- Generated by org.testng.reporters.JUnitReportReporter -->
<testsuite name="testng.demo.SequencingEx" tests="6" time="0.016" ignored="0" failures="0" timestamp="28 Feb 2022 04:50:06 GMT" skipped="0" hostname="DESKTOP-UJFK23I" errors="0">
  <testcase name="Alaska" time="0.001" classname="testng.demo.SequencingEx"/>
  <testcase name="Hyderabad" time="0.011" classname="testng.demo.SequencingEx"/>
  <testcase name="Delhi" time="0.001" classname="testng.demo.SequencingEx"/>
  <testcase name="Pune" time="0.001" classname="testng.demo.SequencingEx"/>
  <testcase name="Chennai" time="0.001" classname="testng.demo.SequencingEx"/>
  <testcase name="Banglore" time="0.001" classname="testng.demo.SequencingEx"/>
</testsuite> <!-- testng.demo.SequencingEx -->
