<?xml version="1.0" encoding="UTF-8"?>
<!-- Generated by org.testng.reporters.JUnitReportReporter -->
<testsuite name="testng.demo.TestngAnnotationsEx" tests="1" time="0.004" ignored="0" failures="0" timestamp="27 Oct 2021 05:11:27 GMT" skipped="0" hostname="DESKTOP-UJFK23I" errors="0">
  <testcase name="verifyLogin" time="0.004" classname="testng.demo.TestngAnnotationsEx"/>
</testsuite> <!-- testng.demo.TestngAnnotationsEx -->
