<?xml version="1.0" encoding="UTF-8"?>
<!-- Generated by org.testng.reporters.JUnitReportReporter -->
<testsuite name="module.webelements.DropDownEx" tests="2" time="48.084" ignored="0" failures="0" timestamp="03 Mar 2022 05:33:19 GMT" skipped="0" hostname="DESKTOP-UJFK23I" errors="0">
  <testcase name="submitCompBrandForm" time="18.257" classname="module.webelements.DropDownEx"/>
  <testcase name="submitCompBrandForm" time="29.827" classname="module.webelements.DropDownEx"/>
</testsuite> <!-- module.webelements.DropDownEx -->
