<?xml version="1.0" encoding="UTF-8"?>
<!-- Generated by org.testng.reporters.JUnitReportReporter -->
<testsuite name="testng.demo.SequencingEx2" tests="6" time="0.014" ignored="0" failures="0" timestamp="09 Dec 2021 05:08:32 GMT" skipped="0" hostname="DESKTOP-UJFK23I" errors="0">
  <testcase name="Alaska" time="0.009" classname="testng.demo.SequencingEx2"/>
  <testcase name="Hyderabad" time="0.001" classname="testng.demo.SequencingEx2"/>
  <testcase name="Banglore" time="0.001" classname="testng.demo.SequencingEx2"/>
  <testcase name="Delhi" time="0.001" classname="testng.demo.SequencingEx2"/>
  <testcase name="Pune" time="0.001" classname="testng.demo.SequencingEx2"/>
  <testcase name="Chennai" time="0.001" classname="testng.demo.SequencingEx2"/>
</testsuite> <!-- testng.demo.SequencingEx2 -->
