<?xml version="1.0" encoding="UTF-8"?>
<!-- Generated by org.testng.reporters.JUnitReportReporter -->
<testsuite name="testng.demo.DependcyEx" tests="1" time="0.020" ignored="1" failures="0" timestamp="30 Jan 2022 14:29:41 GMT" skipped="0" hostname="DESKTOP-UJFK23I" errors="0">
  <testcase name="verifyLogin" time="0.020" classname="testng.demo.DependcyEx"/>
  <testcase name="verifyAccountSignup" classname="testng.demo.DependcyEx">
    <skipped/>
  </testcase> <!-- verifyAccountSignup -->
</testsuite> <!-- testng.demo.DependcyEx -->
