<?xml version="1.0" encoding="UTF-8"?>
<!-- Generated by org.testng.reporters.JUnitReportReporter -->
<testsuite name="testng.demo.BeforeMethodEx" tests="2" time="0.007" ignored="0" failures="0" timestamp="29 Oct 2021 04:41:53 GMT" skipped="0" hostname="DESKTOP-UJFK23I" errors="0">
  <testcase name="Test1" time="0.005" classname="testng.demo.BeforeMethodEx"/>
  <testcase name="Test2" time="0.002" classname="testng.demo.BeforeMethodEx"/>
</testsuite> <!-- testng.demo.BeforeMethodEx -->
