<?xml version="1.0" encoding="UTF-8"?>
<!-- Generated by org.testng.reporters.JUnitReportReporter -->
<testsuite name="testng.demo.SequencingEx" tests="5" time="0.018" ignored="1" failures="0" timestamp="09 Dec 2021 05:26:54 GMT" skipped="0" hostname="DESKTOP-UJFK23I" errors="0">
  <testcase name="Hyderabad" time="0.014" classname="testng.demo.SequencingEx"/>
  <testcase name="Delhi" time="0.001" classname="testng.demo.SequencingEx"/>
  <testcase name="Pune" time="0.002" classname="testng.demo.SequencingEx"/>
  <testcase name="Chennai" time="0.001" classname="testng.demo.SequencingEx"/>
  <testcase name="Alaska" time="0.000" classname="testng.demo.SequencingEx"/>
  <testcase name="Banglore" classname="testng.demo.SequencingEx">
    <skipped/>
  </testcase> <!-- Banglore -->
</testsuite> <!-- testng.demo.SequencingEx -->
