<?xml version="1.0" encoding="UTF-8"?>
<!-- Generated by org.testng.reporters.JUnitReportReporter -->
<testsuite name="testng.demo.AnnotationsExam" tests="2" time="0.028" ignored="0" failures="0" timestamp="29 Oct 2021 04:41:53 GMT" skipped="0" hostname="DESKTOP-UJFK23I" errors="0">
  <testcase name="search" time="0.001" classname="testng.demo.AnnotationsExam"/>
  <testcase name="login" time="0.027" classname="testng.demo.AnnotationsExam"/>
</testsuite> <!-- testng.demo.AnnotationsExam -->
